TN:
SF:src/app.js
FN:22,checkRoute
FNF:1
FNH:1
FNDA:64,checkRoute
DA:1,8
DA:2,8
DA:3,8
DA:4,8
DA:6,8
DA:9,8
DA:15,8
DA:16,8
DA:17,8
DA:23,64
DA:24,64
DA:25,64
DA:26,64
DA:27,64
DA:29,0
DA:30,0
DA:37,8
DA:38,8
DA:39,8
DA:40,8
DA:41,8
DA:42,8
DA:43,8
DA:44,8
DA:46,8
LF:25
LH:23
BRF:0
BRH:0
end_of_record
TN:
SF:src/config/database.js
FN:5,connectDB1
FN:18,(anonymous_1)
FNF:2
FNH:2
FNDA:8,connectDB1
FNDA:37,(anonymous_1)
DA:1,8
DA:6,8
DA:7,8
DA:11,8
DA:13,8
DA:16,8
DA:18,37
LF:7
LH:7
BRDA:6,0,0,8
BRDA:6,0,1,0
BRF:2
BRH:1
end_of_record
TN:
SF:src/controllers/admin.controller.js
FN:6,(anonymous_0)
FN:16,(anonymous_1)
FN:27,(anonymous_2)
FN:38,(anonymous_3)
FN:47,(anonymous_4)
FN:56,(anonymous_5)
FN:65,(anonymous_6)
FNF:7
FNH:1
FNDA:1,(anonymous_0)
FNDA:0,(anonymous_1)
FNDA:0,(anonymous_2)
FNDA:0,(anonymous_3)
FNDA:0,(anonymous_4)
FNDA:0,(anonymous_5)
FNDA:0,(anonymous_6)
DA:1,8
DA:2,8
DA:3,8
DA:6,8
DA:7,1
DA:8,1
DA:9,1
DA:11,0
DA:16,8
DA:17,0
DA:18,0
DA:19,0
DA:20,0
DA:22,0
DA:27,8
DA:28,0
DA:29,0
DA:30,0
DA:31,0
DA:33,0
DA:38,8
DA:39,0
DA:40,0
DA:41,0
DA:43,0
DA:47,8
DA:48,0
DA:49,0
DA:50,0
DA:52,0
DA:56,8
DA:57,0
DA:58,0
DA:59,0
DA:61,0
DA:65,8
DA:66,0
DA:67,0
DA:68,0
DA:70,0
DA:74,8
LF:41
LH:14
BRF:0
BRH:0
end_of_record
TN:
SF:src/controllers/auth.controller.js
FN:3,(anonymous_0)
FNF:1
FNH:1
FNDA:7,(anonymous_0)
DA:1,8
DA:3,8
DA:4,7
DA:5,7
DA:7,7
DA:9,7
DA:10,7
DA:11,6
DA:13,6
DA:15,1
DA:16,1
DA:20,8
LF:12
LH:12
BRF:0
BRH:0
end_of_record
TN:
SF:src/controllers/ecopunto.controller.js
FN:3,(anonymous_0)
FN:15,(anonymous_1)
FN:29,(anonymous_2)
FNF:3
FNH:2
FNDA:1,(anonymous_0)
FNDA:0,(anonymous_1)
FNDA:1,(anonymous_2)
DA:1,8
DA:2,8
DA:3,8
DA:4,1
DA:5,1
DA:6,1
DA:7,1
DA:8,1
DA:10,0
DA:11,0
DA:15,8
DA:16,0
DA:17,0
DA:18,0
DA:19,0
DA:21,0
DA:22,0
DA:24,0
DA:25,0
DA:29,8
DA:30,1
DA:31,1
DA:32,1
DA:33,1
DA:35,0
DA:36,0
DA:41,8
LF:27
LH:15
BRF:0
BRH:0
end_of_record
TN:
SF:src/controllers/entregaresiduo.controller.js
FN:3,(anonymous_0)
FN:14,(anonymous_1)
FNF:2
FNH:0
FNDA:0,(anonymous_0)
FNDA:0,(anonymous_1)
DA:1,8
DA:3,8
DA:4,0
DA:5,0
DA:6,0
DA:7,0
DA:9,0
DA:10,0
DA:14,8
DA:15,0
DA:16,0
DA:17,0
DA:18,0
DA:20,0
DA:21,0
DA:25,8
LF:16
LH:4
BRF:0
BRH:0
end_of_record
TN:
SF:src/controllers/estadisticas.controller.js
FN:3,(anonymous_0)
FN:13,(anonymous_1)
FN:23,(anonymous_2)
FN:35,(anonymous_3)
FNF:4
FNH:1
FNDA:1,(anonymous_0)
FNDA:0,(anonymous_1)
FNDA:0,(anonymous_2)
FNDA:0,(anonymous_3)
DA:1,8
DA:3,8
DA:4,1
DA:5,1
DA:6,0
DA:8,1
DA:9,1
DA:13,8
DA:14,0
DA:15,0
DA:16,0
DA:18,0
DA:19,0
DA:23,8
DA:24,0
DA:25,0
DA:26,0
DA:27,0
DA:28,0
DA:30,0
DA:31,0
DA:35,8
DA:36,0
DA:37,0
DA:38,0
DA:39,0
DA:40,0
DA:42,0
DA:43,0
DA:46,8
LF:30
LH:10
BRF:0
BRH:0
end_of_record
TN:
SF:src/controllers/tiporesiduo.controller.js
FN:4,(anonymous_0)
FN:15,(anonymous_1)
FN:25,(anonymous_2)
FNF:3
FNH:3
FNDA:1,(anonymous_0)
FNDA:1,(anonymous_1)
FNDA:1,(anonymous_2)
DA:1,8
DA:2,8
DA:4,8
DA:5,1
DA:6,1
DA:7,1
DA:8,1
DA:10,0
DA:11,0
DA:15,8
DA:16,1
DA:17,1
DA:18,1
DA:19,1
DA:21,0
DA:25,8
DA:26,1
DA:27,1
DA:28,1
DA:29,1
DA:31,0
DA:35,8
LF:22
LH:18
BRF:0
BRH:0
end_of_record
TN:
SF:src/controllers/usuario.controller.js
FN:8,(anonymous_0)
FN:21,(anonymous_1)
FN:63,(anonymous_2)
FN:72,(anonymous_3)
FN:82,(anonymous_4)
FN:96,(anonymous_5)
FNF:6
FNH:5
FNDA:0,(anonymous_0)
FNDA:1,(anonymous_1)
FNDA:1,(anonymous_2)
FNDA:1,(anonymous_3)
FNDA:1,(anonymous_4)
FNDA:1,(anonymous_5)
DA:1,8
DA:2,8
DA:3,8
DA:4,8
DA:5,8
DA:8,8
DA:9,0
DA:10,0
DA:12,0
DA:13,0
DA:14,0
DA:15,0
DA:17,0
DA:18,0
DA:21,8
DA:22,1
DA:23,1
DA:24,1
DA:25,1
DA:26,1
DA:28,1
DA:29,1
DA:30,0
DA:31,0
DA:32,0
DA:33,0
DA:34,0
DA:35,0
DA:37,0
DA:39,1
DA:40,1
DA:41,0
DA:42,0
DA:44,1
DA:47,0
DA:48,0
DA:51,1
DA:52,1
DA:53,1
DA:54,1
DA:55,1
DA:57,0
DA:58,0
DA:63,8
DA:64,1
DA:65,1
DA:66,1
DA:68,0
DA:72,8
DA:73,1
DA:74,1
DA:75,1
DA:76,1
DA:78,0
DA:82,8
DA:83,1
DA:84,1
DA:85,1
DA:86,1
DA:87,1
DA:88,1
DA:89,1
DA:91,0
DA:92,0
DA:96,8
DA:97,1
DA:98,1
DA:99,1
DA:100,1
DA:101,1
DA:102,1
DA:104,0
DA:105,0
DA:109,8
LF:74
LH:47
BRDA:29,0,0,0
BRDA:29,0,1,1
BRDA:33,1,0,0
BRDA:33,1,1,0
BRDA:39,2,0,1
BRDA:39,2,1,0
BRDA:40,3,0,0
BRDA:40,3,1,1
BRDA:75,4,0,0
BRDA:75,4,1,1
BRDA:88,5,0,0
BRDA:88,5,1,1
BRDA:101,6,0,0
BRDA:101,6,1,1
BRF:14
BRH:6
end_of_record
TN:
SF:src/controllers/whatsapp.controller.js
FN:21,(anonymous_0)
FN:84,(anonymous_1)
FN:85,(anonymous_2)
FNF:3
FNH:1
FNDA:1,(anonymous_0)
FNDA:0,(anonymous_1)
FNDA:0,(anonymous_2)
DA:1,8
DA:2,8
DA:3,8
DA:4,8
DA:5,8
DA:6,8
DA:7,8
DA:10,8
DA:11,8
DA:12,8
DA:14,8
DA:17,8
DA:21,8
DA:22,1
DA:24,1
DA:25,1
DA:26,1
DA:28,1
DA:29,1
DA:30,1
DA:33,0
DA:35,0
DA:36,0
DA:37,0
DA:38,0
DA:41,0
DA:42,0
DA:44,0
DA:51,0
DA:52,0
DA:53,0
DA:55,0
DA:56,0
DA:58,0
DA:59,0
DA:61,0
DA:62,0
DA:66,0
DA:69,0
DA:70,0
DA:71,0
DA:72,0
DA:75,0
DA:76,0
DA:78,0
DA:79,0
DA:80,0
DA:83,0
DA:84,0
DA:85,0
DA:87,0
DA:88,0
DA:89,0
DA:92,0
DA:93,0
DA:97,0
DA:100,0
DA:104,0
DA:107,0
DA:108,0
DA:109,0
DA:113,8
LF:62
LH:21
BRDA:28,0,0,1
BRDA:28,0,1,0
BRDA:28,1,0,1
BRDA:28,1,1,0
BRDA:36,2,0,0
BRDA:36,2,1,0
BRDA:55,3,0,0
BRDA:55,3,1,0
BRDA:56,4,0,0
BRDA:56,4,1,0
BRDA:61,5,0,0
BRDA:61,5,1,0
BRDA:69,6,0,0
BRDA:69,6,1,0
BRDA:69,7,0,0
BRDA:69,7,1,0
BRDA:70,8,0,0
BRDA:70,8,1,0
BRDA:75,9,0,0
BRDA:75,9,1,0
BRDA:75,10,0,0
BRDA:75,10,1,0
BRDA:78,11,0,0
BRDA:78,11,1,0
BRDA:78,12,0,0
BRDA:78,12,1,0
BRDA:84,13,0,0
BRDA:84,13,1,0
BRDA:85,14,0,0
BRDA:85,14,1,0
BRDA:87,15,0,0
BRDA:87,15,1,0
BRDA:92,16,0,0
BRDA:92,16,1,0
BRDA:92,17,0,0
BRDA:92,17,1,0
BRF:36
BRH:2
end_of_record
TN:
SF:src/middleware/auth.middleware.js
FN:5,(anonymous_0)
FN:34,(anonymous_1)
FN:35,(anonymous_2)
FNF:3
FNH:3
FNDA:17,(anonymous_0)
FNDA:200,(anonymous_1)
FNDA:12,(anonymous_2)
DA:1,8
DA:2,8
DA:3,8
DA:5,8
DA:6,17
DA:7,17
DA:8,17
DA:9,17
DA:10,5
DA:11,5
DA:14,12
DA:15,12
DA:16,12
DA:17,12
DA:18,12
DA:19,12
DA:20,12
DA:21,12
DA:22,0
DA:23,0
DA:25,12
DA:26,12
DA:27,12
DA:29,0
DA:30,0
DA:34,8
DA:35,200
DA:36,12
DA:37,0
DA:38,0
DA:40,12
DA:44,8
LF:32
LH:26
BRDA:9,0,0,5
BRDA:9,0,1,12
BRDA:21,1,0,0
BRDA:21,1,1,12
BRDA:36,2,0,0
BRDA:36,2,1,12
BRDA:36,3,0,12
BRDA:36,3,1,12
BRF:8
BRH:6
end_of_record
TN:
SF:src/models/ecopunto.model.js
FN:21,(anonymous_0)
FNF:1
FNH:1
FNDA:2,(anonymous_0)
DA:1,8
DA:3,8
DA:12,8
DA:18,8
DA:19,8
DA:21,8
DA:22,2
LF:7
LH:7
BRDA:22,0,0,2
BRDA:22,0,1,1
BRF:2
BRH:2
end_of_record
TN:
SF:src/models/entregaresiduo.model.js
FN:12,(anonymous_0)
FNF:1
FNH:0
FNDA:0,(anonymous_0)
DA:1,8
DA:3,8
DA:12,8
DA:13,0
LF:4
LH:3
BRDA:13,0,0,0
BRDA:13,0,1,0
BRF:2
BRH:0
end_of_record
TN:
SF:src/models/premio.model.js
FNF:0
FNH:0
LF:0
LH:0
BRF:0
BRH:0
end_of_record
TN:
SF:src/models/tiporesiduo.model.js
FN:9,(anonymous_0)
FNF:1
FNH:1
FNDA:9,(anonymous_0)
DA:1,8
DA:3,8
DA:9,8
DA:10,9
LF:4
LH:4
BRDA:10,0,0,9
BRDA:10,0,1,1
BRF:2
BRH:2
end_of_record
TN:
SF:src/models/usuario.model.js
FN:30,(anonymous_0)
FN:37,(anonymous_1)
FN:42,(anonymous_2)
FNF:3
FNH:2
FNDA:1,(anonymous_0)
FNDA:0,(anonymous_1)
FNDA:26,(anonymous_2)
DA:1,8
DA:2,8
DA:4,8
DA:30,8
DA:31,1
DA:32,1
DA:33,1
DA:37,8
DA:38,0
DA:42,8
DA:43,26
LF:11
LH:10
BRDA:31,0,0,0
BRDA:31,0,1,1
BRDA:43,1,0,26
BRDA:43,1,1,7
BRF:4
BRH:3
end_of_record
TN:
SF:src/repositories/ecopunto.repository.js
FN:4,getEcopunto
FN:11,(anonymous_1)
FN:15,(anonymous_2)
FN:18,(anonymous_3)
FN:21,(anonymous_4)
FNF:5
FNH:3
FNDA:2,getEcopunto
FNDA:1,(anonymous_1)
FNDA:1,(anonymous_2)
FNDA:0,(anonymous_3)
FNDA:0,(anonymous_4)
DA:1,8
DA:2,8
DA:5,2
DA:6,2
DA:7,2
DA:10,8
DA:12,1
DA:13,1
DA:16,1
DA:19,0
DA:22,0
LF:11
LH:9
BRDA:6,0,0,0
BRDA:6,0,1,2
BRF:2
BRH:1
end_of_record
TN:
SF:src/repositories/entregaresiduio.repository.js
FN:4,getEntregaResiduo
FN:11,(anonymous_1)
FN:15,(anonymous_2)
FN:18,(anonymous_3)
FNF:4
FNH:0
FNDA:0,getEntregaResiduo
FNDA:0,(anonymous_1)
FNDA:0,(anonymous_2)
FNDA:0,(anonymous_3)
DA:1,8
DA:2,8
DA:5,0
DA:6,0
DA:7,0
DA:10,8
DA:12,0
DA:13,0
DA:16,0
DA:19,0
LF:10
LH:3
BRDA:6,0,0,0
BRDA:6,0,1,0
BRF:2
BRH:0
end_of_record
TN:
SF:src/repositories/premio.repository.js
FN:3,(anonymous_0)
FN:4,(anonymous_1)
FN:5,(anonymous_2)
FN:6,(anonymous_3)
FNF:4
FNH:0
FNDA:0,(anonymous_0)
FNDA:0,(anonymous_1)
FNDA:0,(anonymous_2)
FNDA:0,(anonymous_3)
DA:1,8
DA:3,8
DA:4,8
DA:5,8
DA:6,8
DA:8,8
LF:6
LH:6
BRF:0
BRH:0
end_of_record
TN:
SF:src/repositories/tiporesiduo.repository.js
FN:4,getTipoResiduo
FN:11,(anonymous_1)
FN:15,(anonymous_2)
FN:18,(anonymous_3)
FN:21,(anonymous_4)
FN:24,(anonymous_5)
FNF:6
FNH:5
FNDA:4,getTipoResiduo
FNDA:1,(anonymous_1)
FNDA:1,(anonymous_2)
FNDA:1,(anonymous_3)
FNDA:0,(anonymous_4)
FNDA:1,(anonymous_5)
DA:1,8
DA:2,8
DA:5,4
DA:6,4
DA:7,4
DA:10,8
DA:12,1
DA:13,1
DA:16,1
DA:19,1
DA:22,0
DA:25,1
LF:12
LH:11
BRDA:6,0,0,0
BRDA:6,0,1,4
BRF:2
BRH:1
end_of_record
TN:
SF:src/repositories/usuario.repository.js
FN:4,getUsuario
FN:11,(anonymous_1)
FN:14,(anonymous_2)
FN:18,(anonymous_3)
FN:21,(anonymous_4)
FN:24,(anonymous_5)
FN:27,(anonymous_6)
FN:30,(anonymous_7)
FN:33,(anonymous_8)
FN:36,(anonymous_9)
FNF:10
FNH:8
FNDA:14,getUsuario
FNDA:1,(anonymous_1)
FNDA:1,(anonymous_2)
FNDA:2,(anonymous_3)
FNDA:7,(anonymous_4)
FNDA:1,(anonymous_5)
FNDA:1,(anonymous_6)
FNDA:1,(anonymous_7)
FNDA:0,(anonymous_8)
FNDA:0,(anonymous_9)
DA:1,8
DA:2,8
DA:5,14
DA:6,14
DA:7,14
DA:10,8
DA:12,1
DA:15,1
DA:16,1
DA:19,2
DA:22,7
DA:25,1
DA:28,1
DA:31,1
DA:34,0
DA:37,0
LF:16
LH:14
BRDA:6,0,0,0
BRDA:6,0,1,14
BRF:2
BRH:1
end_of_record
TN:
SF:src/routes/admin.routes.js
FNF:0
FNH:0
DA:1,8
DA:2,8
DA:3,8
DA:4,8
DA:7,8
DA:14,8
DA:17,8
DA:24,8
DA:31,8
DA:34,8
DA:37,8
DA:40,8
DA:42,8
LF:13
LH:13
BRF:0
BRH:0
end_of_record
TN:
SF:src/routes/auth.routes.js
FNF:0
FNH:0
DA:1,8
DA:2,8
DA:3,8
DA:6,8
DA:8,8
LF:5
LH:5
BRF:0
BRH:0
end_of_record
TN:
SF:src/routes/ecopunto.routes.js
FNF:0
FNH:0
DA:1,8
DA:2,8
DA:3,8
DA:4,8
DA:6,8
DA:9,8
DA:10,8
DA:13,8
DA:15,8
LF:9
LH:9
BRF:0
BRH:0
end_of_record
TN:
SF:src/routes/entregaresiduo.routes.js
FNF:0
FNH:0
DA:1,8
DA:2,8
DA:3,8
DA:4,8
DA:6,8
DA:9,8
DA:12,8
DA:14,8
LF:8
LH:8
BRF:0
BRH:0
end_of_record
TN:
SF:src/routes/estadisticas.routes.js
FNF:0
FNH:0
DA:1,8
DA:2,8
DA:3,8
DA:4,8
DA:6,8
DA:9,8
DA:10,8
DA:11,8
DA:12,8
DA:14,8
LF:10
LH:10
BRF:0
BRH:0
end_of_record
TN:
SF:src/routes/tiporesiduo.routes.js
FNF:0
FNH:0
DA:1,8
DA:2,8
DA:3,8
DA:4,8
DA:6,8
DA:9,8
DA:10,8
DA:11,8
DA:13,8
LF:9
LH:9
BRF:0
BRH:0
end_of_record
TN:
SF:src/routes/usuario.routes.js
FNF:0
FNH:0
DA:1,8
DA:2,8
DA:3,8
DA:4,8
DA:7,8
DA:10,8
DA:13,8
DA:16,8
DA:19,8
DA:21,8
DA:24,8
DA:25,8
LF:12
LH:12
BRF:0
BRH:0
end_of_record
TN:
SF:src/routes/whatsapp.routes.js
FNF:0
FNH:0
DA:1,8
DA:2,8
DA:3,8
DA:5,8
DA:7,8
LF:5
LH:5
BRF:0
BRH:0
end_of_record
TN:
SF:src/services/auth.service.js
FN:5,(anonymous_0)
FNF:1
FNH:1
FNDA:7,(anonymous_0)
DA:1,8
DA:2,8
DA:3,8
DA:5,8
DA:6,7
DA:7,7
DA:9,7
DA:10,1
DA:11,1
DA:14,6
DA:15,6
DA:16,6
DA:18,6
DA:20,6
DA:21,0
DA:22,0
DA:25,6
DA:26,6
DA:28,6
DA:31,8
LF:20
LH:18
BRDA:9,0,0,1
BRDA:9,0,1,6
BRDA:20,1,0,0
BRDA:20,1,1,6
BRF:4
BRH:3
end_of_record
TN:
SF:src/services/ecopunto.service.js
FN:4,(anonymous_0)
FN:19,(anonymous_1)
FNF:2
FNH:1
FNDA:1,(anonymous_0)
FNDA:0,(anonymous_1)
DA:1,8
DA:2,8
DA:4,8
DA:5,1
DA:7,1
DA:14,1
DA:15,1
DA:16,1
DA:19,8
DA:20,0
DA:22,0
DA:23,0
DA:24,0
DA:25,0
DA:28,0
DA:29,0
DA:30,0
DA:33,0
DA:34,0
DA:35,0
DA:38,8
LF:21
LH:10
BRDA:11,0,0,1
BRDA:11,0,1,0
BRDA:23,1,0,0
BRDA:23,1,1,0
BRDA:28,2,0,0
BRDA:28,2,1,0
BRF:6
BRH:1
end_of_record
TN:
SF:src/services/entregaresiduo.service.js
FN:5,(anonymous_0)
FN:29,(anonymous_1)
FNF:2
FNH:0
FNDA:0,(anonymous_0)
FNDA:0,(anonymous_1)
DA:1,8
DA:2,8
DA:3,8
DA:5,8
DA:6,0
DA:8,0
DA:9,0
DA:11,0
DA:12,0
DA:14,0
DA:22,0
DA:24,0
DA:26,0
DA:29,8
DA:30,0
DA:33,8
LF:16
LH:6
BRDA:9,0,0,0
BRDA:9,0,1,0
BRF:2
BRH:0
end_of_record
TN:
SF:src/services/estadisticas.service.js
FN:4,(anonymous_0)
FN:49,(anonymous_1)
FN:96,(anonymous_2)
FN:103,(anonymous_3)
FNF:4
FNH:1
FNDA:0,(anonymous_0)
FNDA:0,(anonymous_1)
FNDA:1,(anonymous_2)
FNDA:0,(anonymous_3)
DA:1,8
DA:4,8
DA:5,0
DA:7,0
DA:8,0
DA:40,0
DA:41,0
DA:43,0
DA:44,0
DA:49,8
DA:50,0
DA:52,0
DA:53,0
DA:54,0
DA:55,0
DA:57,0
DA:59,0
DA:73,0
DA:75,0
DA:76,0
DA:77,0
DA:78,0
DA:80,0
DA:88,0
DA:89,0
DA:91,0
DA:92,0
DA:96,8
DA:97,1
DA:100,0
DA:103,8
DA:104,0
DA:120,0
DA:123,8
LF:34
LH:7
BRDA:49,0,0,0
BRDA:75,1,0,0
BRDA:75,1,1,0
BRDA:100,2,0,0
BRDA:100,2,1,0
BRDA:120,3,0,0
BRDA:120,3,1,0
BRF:7
BRH:0
end_of_record
TN:
SF:src/services/premio.service.js
FN:3,(anonymous_0)
FN:4,(anonymous_1)
FN:5,(anonymous_2)
FN:6,(anonymous_3)
FNF:4
FNH:0
FNDA:0,(anonymous_0)
FNDA:0,(anonymous_1)
FNDA:0,(anonymous_2)
FNDA:0,(anonymous_3)
DA:1,8
DA:3,8
DA:4,8
DA:5,8
DA:6,8
DA:8,8
LF:6
LH:6
BRF:0
BRH:0
end_of_record
TN:
SF:src/services/tiporesiduo.service.js
FN:3,(anonymous_0)
FN:10,(anonymous_1)
FN:14,(anonymous_2)
FNF:3
FNH:2
FNDA:1,(anonymous_0)
FNDA:1,(anonymous_1)
FNDA:0,(anonymous_2)
DA:1,8
DA:3,8
DA:4,1
DA:5,1
DA:6,1
DA:7,1
DA:10,8
DA:11,1
DA:14,8
DA:15,0
DA:18,8
LF:11
LH:10
BRDA:6,0,0,0
BRDA:6,0,1,1
BRF:2
BRH:1
end_of_record
TN:
SF:src/services/usuario.service.js
FN:6,(anonymous_0)
FN:42,(anonymous_1)
FN:49,(anonymous_2)
FN:53,(anonymous_3)
FN:57,(anonymous_4)
FN:61,(anonymous_5)
FNF:6
FNH:5
FNDA:1,(anonymous_0)
FNDA:0,(anonymous_1)
FNDA:1,(anonymous_2)
FNDA:1,(anonymous_3)
FNDA:1,(anonymous_4)
FNDA:1,(anonymous_5)
DA:1,8
DA:2,8
DA:3,8
DA:4,8
DA:6,8
DA:7,1
DA:8,1
DA:10,1
DA:12,1
DA:13,0
DA:14,0
DA:17,1
DA:18,1
DA:19,0
DA:20,0
DA:23,1
DA:24,1
DA:25,1
DA:27,1
DA:28,1
DA:30,1
DA:32,1
DA:34,1
DA:36,1
DA:38,1
DA:42,8
DA:43,0
DA:44,0
DA:45,0
DA:46,0
DA:49,8
DA:50,1
DA:53,8
DA:54,1
DA:57,8
DA:58,1
DA:61,8
DA:62,1
DA:65,8
LF:39
LH:31
BRDA:6,0,0,0
BRDA:12,1,0,0
BRDA:12,1,1,1
BRDA:12,2,0,1
BRDA:12,2,1,1
BRDA:18,3,0,0
BRDA:18,3,1,1
BRDA:23,4,0,1
BRDA:23,4,1,0
BRDA:44,5,0,0
BRDA:44,5,1,0
BRF:11
BRH:5
end_of_record
TN:
SF:src/utils/jwt.utils.js
FN:5,(anonymous_0)
FN:17,(anonymous_1)
FNF:2
FNH:1
FNDA:7,(anonymous_0)
FNDA:0,(anonymous_1)
DA:1,8
DA:3,8
DA:5,8
DA:6,7
DA:17,8
DA:18,0
DA:21,8
LF:7
LH:6
BRDA:3,0,0,8
BRDA:3,0,1,0
BRF:2
BRH:1
end_of_record
TN:
SF:src/utils/twilio.helper.js
FN:13,responderWhatsApp
FNF:1
FNH:0
FNDA:0,responderWhatsApp
DA:1,8
DA:2,8
DA:3,8
DA:4,8
DA:7,8
DA:8,8
DA:9,8
DA:10,8
DA:14,0
DA:15,0
DA:17,0
DA:18,0
DA:19,0
DA:20,0
DA:22,0
DA:23,0
DA:29,0
DA:31,0
DA:32,0
DA:33,0
DA:37,8
LF:21
LH:9
BRDA:32,0,0,0
BRDA:32,0,1,0
BRDA:33,1,0,0
BRDA:33,1,1,0
BRF:4
BRH:0
end_of_record
